[4.519s] Invoking command in '/home/nisaanth26/dock_ws/src/hex_docking': PYTHONPATH=/home/nisaanth26/dock_ws/build/hex_docking/prefix_override:/usr/lib/python3/dist-packages/colcon_core/task/python/colcon_distutils_commands:/home/nisaanth26/dock_ws/install/hex_docking/lib/python3.10/site-packages:${PYTHONPATH} /usr/bin/python3 -W ignore:setup.py install is deprecated -W ignore:easy_install command is deprecated setup.py egg_info --egg-base ../../build/hex_docking build --build-base /home/nisaanth26/dock_ws/build/hex_docking/build install --record /home/nisaanth26/dock_ws/build/hex_docking/install.log --single-version-externally-managed install_data
[6.484s] running egg_info
[6.488s] writing ../../build/hex_docking/hex_docking.egg-info/PKG-INFO
[6.489s] writing dependency_links to ../../build/hex_docking/hex_docking.egg-info/dependency_links.txt
[6.491s] writing entry points to ../../build/hex_docking/hex_docking.egg-info/entry_points.txt
[6.493s] writing requirements to ../../build/hex_docking/hex_docking.egg-info/requires.txt
[6.493s] writing top-level names to ../../build/hex_docking/hex_docking.egg-info/top_level.txt
[6.507s] reading manifest file '../../build/hex_docking/hex_docking.egg-info/SOURCES.txt'
[6.518s] writing manifest file '../../build/hex_docking/hex_docking.egg-info/SOURCES.txt'
[6.521s] running build
[6.522s] running build_py
[6.525s] copying hex_docking/docking_node.py -> /home/nisaanth26/dock_ws/build/hex_docking/build/lib/hex_docking
[6.525s] running install
[6.528s] running install_lib
[6.534s] copying /home/nisaanth26/dock_ws/build/hex_docking/build/lib/hex_docking/docking_node.py -> /home/nisaanth26/dock_ws/install/hex_docking/lib/python3.10/site-packages/hex_docking
[6.539s] byte-compiling /home/nisaanth26/dock_ws/install/hex_docking/lib/python3.10/site-packages/hex_docking/docking_node.py to docking_node.cpython-310.pyc
[6.551s] running install_data
[6.552s] copying launch/dock.launch.py -> /home/nisaanth26/dock_ws/install/hex_docking/share/hex_docking/launch
[6.553s] running install_egg_info
[6.563s] removing '/home/nisaanth26/dock_ws/install/hex_docking/lib/python3.10/site-packages/hex_docking-0.0.1-py3.10.egg-info' (and everything under it)
[6.566s] Copying ../../build/hex_docking/hex_docking.egg-info to /home/nisaanth26/dock_ws/install/hex_docking/lib/python3.10/site-packages/hex_docking-0.0.1-py3.10.egg-info
[6.573s] running install_scripts
[6.719s] Installing docking_node script to /home/nisaanth26/dock_ws/install/hex_docking/lib/hex_docking
[6.723s] writing list of installed files to '/home/nisaanth26/dock_ws/build/hex_docking/install.log'
[6.877s] Invoked command in '/home/nisaanth26/dock_ws/src/hex_docking' returned '0': PYTHONPATH=/home/nisaanth26/dock_ws/build/hex_docking/prefix_override:/usr/lib/python3/dist-packages/colcon_core/task/python/colcon_distutils_commands:/home/nisaanth26/dock_ws/install/hex_docking/lib/python3.10/site-packages:${PYTHONPATH} /usr/bin/python3 -W ignore:setup.py install is deprecated -W ignore:easy_install command is deprecated setup.py egg_info --egg-base ../../build/hex_docking build --build-base /home/nisaanth26/dock_ws/build/hex_docking/build install --record /home/nisaanth26/dock_ws/build/hex_docking/install.log --single-version-externally-managed install_data
