[1.568s] Invoking command in '/home/nisaanth26/dock_ws/src/hex_docking': PYTHONPATH=/home/nisaanth26/dock_ws/build/hex_docking/prefix_override:/usr/lib/python3/dist-packages/colcon_core/task/python/colcon_distutils_commands:/home/nisaanth26/dock_ws/install/hex_docking/lib/python3.10/site-packages:${PYTHONPATH} /usr/bin/python3 -W ignore:setup.py install is deprecated -W ignore:easy_install command is deprecated setup.py egg_info --egg-base ../../build/hex_docking build --build-base /home/nisaanth26/dock_ws/build/hex_docking/build install --record /home/nisaanth26/dock_ws/build/hex_docking/install.log --single-version-externally-managed install_data
[2.303s] running egg_info
[2.304s] writing ../../build/hex_docking/hex_docking.egg-info/PKG-INFO
[2.305s] writing dependency_links to ../../build/hex_docking/hex_docking.egg-info/dependency_links.txt
[2.307s] writing entry points to ../../build/hex_docking/hex_docking.egg-info/entry_points.txt
[2.307s] writing requirements to ../../build/hex_docking/hex_docking.egg-info/requires.txt
[2.308s] writing top-level names to ../../build/hex_docking/hex_docking.egg-info/top_level.txt
[2.317s] reading manifest file '../../build/hex_docking/hex_docking.egg-info/SOURCES.txt'
[2.322s] writing manifest file '../../build/hex_docking/hex_docking.egg-info/SOURCES.txt'
[2.322s] running build
[2.322s] running build_py
[2.323s] running install
[2.324s] running install_lib
[2.330s] running install_data
[2.331s] running install_egg_info
[2.335s] removing '/home/nisaanth26/dock_ws/install/hex_docking/lib/python3.10/site-packages/hex_docking-0.0.1-py3.10.egg-info' (and everything under it)
[2.336s] Copying ../../build/hex_docking/hex_docking.egg-info to /home/nisaanth26/dock_ws/install/hex_docking/lib/python3.10/site-packages/hex_docking-0.0.1-py3.10.egg-info
[2.342s] running install_scripts
[2.410s] Installing docking_node script to /home/nisaanth26/dock_ws/install/hex_docking/lib/hex_docking
[2.412s] writing list of installed files to '/home/nisaanth26/dock_ws/build/hex_docking/install.log'
[2.497s] Invoked command in '/home/nisaanth26/dock_ws/src/hex_docking' returned '0': PYTHONPATH=/home/nisaanth26/dock_ws/build/hex_docking/prefix_override:/usr/lib/python3/dist-packages/colcon_core/task/python/colcon_distutils_commands:/home/nisaanth26/dock_ws/install/hex_docking/lib/python3.10/site-packages:${PYTHONPATH} /usr/bin/python3 -W ignore:setup.py install is deprecated -W ignore:easy_install command is deprecated setup.py egg_info --egg-base ../../build/hex_docking build --build-base /home/nisaanth26/dock_ws/build/hex_docking/build install --record /home/nisaanth26/dock_ws/build/hex_docking/install.log --single-version-externally-managed install_data
