[0.886s] Invoking command in '/home/nisaanth26/dock_ws/src/hex_docking': PYTHONPATH=/home/nisaanth26/dock_ws/build/hex_docking/prefix_override:/usr/lib/python3/dist-packages/colcon_core/task/python/colcon_distutils_commands:/home/nisaanth26/dock_ws/install/hex_docking/lib/python3.10/site-packages:${PYTHONPATH} /usr/bin/python3 -W ignore:setup.py install is deprecated -W ignore:easy_install command is deprecated setup.py egg_info --egg-base ../../build/hex_docking build --build-base /home/nisaanth26/dock_ws/build/hex_docking/build install --record /home/nisaanth26/dock_ws/build/hex_docking/install.log --single-version-externally-managed install_data
[1.199s] running egg_info
[1.200s] writing ../../build/hex_docking/hex_docking.egg-info/PKG-INFO
[1.200s] writing dependency_links to ../../build/hex_docking/hex_docking.egg-info/dependency_links.txt
[1.200s] writing entry points to ../../build/hex_docking/hex_docking.egg-info/entry_points.txt
[1.201s] writing requirements to ../../build/hex_docking/hex_docking.egg-info/requires.txt
[1.201s] writing top-level names to ../../build/hex_docking/hex_docking.egg-info/top_level.txt
[1.203s] reading manifest file '../../build/hex_docking/hex_docking.egg-info/SOURCES.txt'
[1.203s] writing manifest file '../../build/hex_docking/hex_docking.egg-info/SOURCES.txt'
[1.204s] running build
[1.204s] running build_py
[1.204s] running install
[1.204s] running install_lib
[1.206s] running install_data
[1.206s] running install_egg_info
[1.208s] removing '/home/nisaanth26/dock_ws/install/hex_docking/lib/python3.10/site-packages/hex_docking-0.0.1-py3.10.egg-info' (and everything under it)
[1.209s] Copying ../../build/hex_docking/hex_docking.egg-info to /home/nisaanth26/dock_ws/install/hex_docking/lib/python3.10/site-packages/hex_docking-0.0.1-py3.10.egg-info
[1.210s] running install_scripts
[1.238s] Installing docking_node script to /home/nisaanth26/dock_ws/install/hex_docking/lib/hex_docking
[1.239s] writing list of installed files to '/home/nisaanth26/dock_ws/build/hex_docking/install.log'
[1.271s] Invoked command in '/home/nisaanth26/dock_ws/src/hex_docking' returned '0': PYTHONPATH=/home/nisaanth26/dock_ws/build/hex_docking/prefix_override:/usr/lib/python3/dist-packages/colcon_core/task/python/colcon_distutils_commands:/home/nisaanth26/dock_ws/install/hex_docking/lib/python3.10/site-packages:${PYTHONPATH} /usr/bin/python3 -W ignore:setup.py install is deprecated -W ignore:easy_install command is deprecated setup.py egg_info --egg-base ../../build/hex_docking build --build-base /home/nisaanth26/dock_ws/build/hex_docking/build install --record /home/nisaanth26/dock_ws/build/hex_docking/install.log --single-version-externally-managed install_data
