[0.736s] DEBUG:colcon:Command line arguments: ['/usr/bin/colcon', 'build']
[0.737s] DEBUG:colcon:Parsed command line arguments: Namespace(log_base=None, log_level=None, verb_name='build', build_base='build', install_base='install', merge_install=False, symlink_install=False, test_result_base=None, continue_on_error=False, executor='parallel', parallel_workers=4, event_handlers=None, ignore_user_meta=False, metas=['./colcon.meta'], base_paths=['.'], packages_ignore=None, packages_ignore_regex=None, paths=None, packages_up_to=None, packages_up_to_regex=None, packages_above=None, packages_above_and_dependencies=None, packages_above_depth=None, packages_select_by_dep=None, packages_skip_by_dep=None, packages_skip_up_to=None, packages_select_build_failed=False, packages_skip_build_finished=False, packages_select_test_failures=False, packages_skip_test_passed=False, packages_select=None, packages_skip=None, packages_select_regex=None, packages_skip_regex=None, packages_start=None, packages_end=None, allow_overriding=[], cmake_args=None, cmake_target=None, cmake_target_skip_unavailable=False, cmake_clean_cache=False, cmake_clean_first=False, cmake_force_configure=False, ament_cmake_args=None, catkin_cmake_args=None, catkin_skip_building_tests=False, verb_parser=<colcon_defaults.argument_parser.defaults.DefaultArgumentsDecorator object at 0x7d799a149a50>, verb_extension=<colcon_core.verb.build.BuildVerb object at 0x7d799a149510>, main=<bound method BuildVerb.main of <colcon_core.verb.build.BuildVerb object at 0x7d799a149510>>)
[1.197s] Level 1:colcon.colcon_core.package_discovery:discover_packages(colcon_meta) check parameters
[1.198s] Level 1:colcon.colcon_core.package_discovery:discover_packages(recursive) check parameters
[1.198s] Level 1:colcon.colcon_core.package_discovery:discover_packages(ignore) check parameters
[1.198s] Level 1:colcon.colcon_core.package_discovery:discover_packages(path) check parameters
[1.198s] Level 1:colcon.colcon_core.package_discovery:discover_packages(colcon_meta) discover
[1.198s] Level 1:colcon.colcon_core.package_discovery:discover_packages(recursive) discover
[1.198s] INFO:colcon.colcon_core.package_discovery:Crawling recursively for packages in '/home/nisaanth26/dock_ws'
[1.199s] Level 1:colcon.colcon_core.package_identification:_identify(.) by extensions ['ignore', 'ignore_ament_install']
[1.199s] Level 1:colcon.colcon_core.package_identification:_identify(.) by extension 'ignore'
[1.199s] Level 1:colcon.colcon_core.package_identification:_identify(.) by extension 'ignore_ament_install'
[1.199s] Level 1:colcon.colcon_core.package_identification:_identify(.) by extensions ['colcon_pkg']
[1.200s] Level 1:colcon.colcon_core.package_identification:_identify(.) by extension 'colcon_pkg'
[1.200s] Level 1:colcon.colcon_core.package_identification:_identify(.) by extensions ['colcon_meta']
[1.200s] Level 1:colcon.colcon_core.package_identification:_identify(.) by extension 'colcon_meta'
[1.200s] Level 1:colcon.colcon_core.package_identification:_identify(.) by extensions ['ros']
[1.200s] Level 1:colcon.colcon_core.package_identification:_identify(.) by extension 'ros'
[1.226s] Level 1:colcon.colcon_core.package_identification:_identify(.) by extensions ['cmake', 'python']
[1.226s] Level 1:colcon.colcon_core.package_identification:_identify(.) by extension 'cmake'
[1.226s] Level 1:colcon.colcon_core.package_identification:_identify(.) by extension 'python'
[1.226s] Level 1:colcon.colcon_core.package_identification:_identify(.) by extensions ['python_setup_py']
[1.226s] Level 1:colcon.colcon_core.package_identification:_identify(.) by extension 'python_setup_py'
[1.227s] Level 1:colcon.colcon_core.package_identification:_identify(build) by extensions ['ignore', 'ignore_ament_install']
[1.227s] Level 1:colcon.colcon_core.package_identification:_identify(build) by extension 'ignore'
[1.227s] Level 1:colcon.colcon_core.package_identification:_identify(build) ignored
[1.227s] Level 1:colcon.colcon_core.package_identification:_identify(install) by extensions ['ignore', 'ignore_ament_install']
[1.228s] Level 1:colcon.colcon_core.package_identification:_identify(install) by extension 'ignore'
[1.228s] Level 1:colcon.colcon_core.package_identification:_identify(install) ignored
[1.228s] Level 1:colcon.colcon_core.package_identification:_identify(log) by extensions ['ignore', 'ignore_ament_install']
[1.228s] Level 1:colcon.colcon_core.package_identification:_identify(log) by extension 'ignore'
[1.228s] Level 1:colcon.colcon_core.package_identification:_identify(log) ignored
[1.228s] Level 1:colcon.colcon_core.package_identification:_identify(src) by extensions ['ignore', 'ignore_ament_install']
[1.229s] Level 1:colcon.colcon_core.package_identification:_identify(src) by extension 'ignore'
[1.229s] Level 1:colcon.colcon_core.package_identification:_identify(src) by extension 'ignore_ament_install'
[1.229s] Level 1:colcon.colcon_core.package_identification:_identify(src) by extensions ['colcon_pkg']
[1.229s] Level 1:colcon.colcon_core.package_identification:_identify(src) by extension 'colcon_pkg'
[1.229s] Level 1:colcon.colcon_core.package_identification:_identify(src) by extensions ['colcon_meta']
[1.229s] Level 1:colcon.colcon_core.package_identification:_identify(src) by extension 'colcon_meta'
[1.229s] Level 1:colcon.colcon_core.package_identification:_identify(src) by extensions ['ros']
[1.229s] Level 1:colcon.colcon_core.package_identification:_identify(src) by extension 'ros'
[1.229s] Level 1:colcon.colcon_core.package_identification:_identify(src) by extensions ['cmake', 'python']
[1.229s] Level 1:colcon.colcon_core.package_identification:_identify(src) by extension 'cmake'
[1.230s] Level 1:colcon.colcon_core.package_identification:_identify(src) by extension 'python'
[1.230s] Level 1:colcon.colcon_core.package_identification:_identify(src) by extensions ['python_setup_py']
[1.230s] Level 1:colcon.colcon_core.package_identification:_identify(src) by extension 'python_setup_py'
[1.230s] Level 1:colcon.colcon_core.package_identification:_identify(src/hex_docking) by extensions ['ignore', 'ignore_ament_install']
[1.230s] Level 1:colcon.colcon_core.package_identification:_identify(src/hex_docking) by extension 'ignore'
[1.230s] Level 1:colcon.colcon_core.package_identification:_identify(src/hex_docking) by extension 'ignore_ament_install'
[1.231s] Level 1:colcon.colcon_core.package_identification:_identify(src/hex_docking) by extensions ['colcon_pkg']
[1.231s] Level 1:colcon.colcon_core.package_identification:_identify(src/hex_docking) by extension 'colcon_pkg'
[1.231s] Level 1:colcon.colcon_core.package_identification:_identify(src/hex_docking) by extensions ['colcon_meta']
[1.231s] Level 1:colcon.colcon_core.package_identification:_identify(src/hex_docking) by extension 'colcon_meta'
[1.231s] Level 1:colcon.colcon_core.package_identification:_identify(src/hex_docking) by extensions ['ros']
[1.231s] Level 1:colcon.colcon_core.package_identification:_identify(src/hex_docking) by extension 'ros'
[1.236s] DEBUG:colcon.colcon_core.package_identification:Package 'src/hex_docking' with type 'ros.ament_python' and name 'hex_docking'
[1.236s] Level 1:colcon.colcon_core.package_discovery:discover_packages(recursive) using defaults
[1.236s] Level 1:colcon.colcon_core.package_discovery:discover_packages(ignore) discover
[1.236s] Level 1:colcon.colcon_core.package_discovery:discover_packages(ignore) using defaults
[1.236s] Level 1:colcon.colcon_core.package_discovery:discover_packages(path) discover
[1.236s] Level 1:colcon.colcon_core.package_discovery:discover_packages(path) using defaults
[1.278s] Level 1:colcon.colcon_core.package_discovery:discover_packages(prefix_path) check parameters
[1.278s] Level 1:colcon.colcon_core.package_discovery:discover_packages(prefix_path) discover
[1.283s] DEBUG:colcon.colcon_installed_package_information.package_discovery:Found 1 installed packages in /home/nisaanth26/dock_ws/install
[1.284s] DEBUG:colcon.colcon_installed_package_information.package_discovery:Found 6 installed packages in /home/nisaanth26/ros2_ws/install
[1.289s] DEBUG:colcon.colcon_installed_package_information.package_discovery:Found 446 installed packages in /opt/ros/humble
[1.311s] Level 1:colcon.colcon_core.package_discovery:discover_packages(prefix_path) using defaults
[1.507s] Level 5:colcon.colcon_core.verb:set package 'hex_docking' build argument 'cmake_args' from command line to 'None'
[1.507s] Level 5:colcon.colcon_core.verb:set package 'hex_docking' build argument 'cmake_target' from command line to 'None'
[1.507s] Level 5:colcon.colcon_core.verb:set package 'hex_docking' build argument 'cmake_target_skip_unavailable' from command line to 'False'
[1.507s] Level 5:colcon.colcon_core.verb:set package 'hex_docking' build argument 'cmake_clean_cache' from command line to 'False'
[1.507s] Level 5:colcon.colcon_core.verb:set package 'hex_docking' build argument 'cmake_clean_first' from command line to 'False'
[1.507s] Level 5:colcon.colcon_core.verb:set package 'hex_docking' build argument 'cmake_force_configure' from command line to 'False'
[1.507s] Level 5:colcon.colcon_core.verb:set package 'hex_docking' build argument 'ament_cmake_args' from command line to 'None'
[1.508s] Level 5:colcon.colcon_core.verb:set package 'hex_docking' build argument 'catkin_cmake_args' from command line to 'None'
[1.508s] Level 5:colcon.colcon_core.verb:set package 'hex_docking' build argument 'catkin_skip_building_tests' from command line to 'False'
[1.508s] DEBUG:colcon.colcon_core.verb:Building package 'hex_docking' with the following arguments: {'ament_cmake_args': None, 'build_base': '/home/nisaanth26/dock_ws/build/hex_docking', 'catkin_cmake_args': None, 'catkin_skip_building_tests': False, 'cmake_args': None, 'cmake_clean_cache': False, 'cmake_clean_first': False, 'cmake_force_configure': False, 'cmake_target': None, 'cmake_target_skip_unavailable': False, 'install_base': '/home/nisaanth26/dock_ws/install/hex_docking', 'merge_install': False, 'path': '/home/nisaanth26/dock_ws/src/hex_docking', 'symlink_install': False, 'test_result_base': None}
[1.508s] INFO:colcon.colcon_core.executor:Executing jobs using 'parallel' executor
[1.511s] DEBUG:colcon.colcon_parallel_executor.executor.parallel:run_until_complete
[1.511s] INFO:colcon.colcon_ros.task.ament_python.build:Building ROS package in '/home/nisaanth26/dock_ws/src/hex_docking' with build type 'ament_python'
[1.512s] Level 1:colcon.colcon_core.shell:create_environment_hook('hex_docking', 'ament_prefix_path')
[1.520s] INFO:colcon.colcon_core.plugin_system:Skipping extension 'colcon_core.shell.bat': Not used on non-Windows systems
[1.521s] INFO:colcon.colcon_core.shell:Creating environment hook '/home/nisaanth26/dock_ws/install/hex_docking/share/hex_docking/hook/ament_prefix_path.ps1'
[1.524s] INFO:colcon.colcon_core.shell:Creating environment descriptor '/home/nisaanth26/dock_ws/install/hex_docking/share/hex_docking/hook/ament_prefix_path.dsv'
[1.526s] INFO:colcon.colcon_core.shell:Creating environment hook '/home/nisaanth26/dock_ws/install/hex_docking/share/hex_docking/hook/ament_prefix_path.sh'
[1.529s] INFO:colcon.colcon_core.shell:Skip shell extension 'powershell' for command environment: Not usable outside of PowerShell
[1.529s] DEBUG:colcon.colcon_core.shell:Skip shell extension 'dsv' for command environment
[3.756s] INFO:colcon.colcon_core.task.python.build:Building Python package in '/home/nisaanth26/dock_ws/src/hex_docking'
[3.756s] INFO:colcon.colcon_core.shell:Skip shell extension 'powershell' for command environment: Not usable outside of PowerShell
[3.756s] DEBUG:colcon.colcon_core.shell:Skip shell extension 'dsv' for command environment
[6.034s] DEBUG:colcon.colcon_core.event_handler.log_command:Invoking command in '/home/nisaanth26/dock_ws/src/hex_docking': PYTHONPATH=/home/nisaanth26/dock_ws/build/hex_docking/prefix_override:/usr/lib/python3/dist-packages/colcon_core/task/python/colcon_distutils_commands:/home/nisaanth26/dock_ws/install/hex_docking/lib/python3.10/site-packages:${PYTHONPATH} /usr/bin/python3 -W ignore:setup.py install is deprecated -W ignore:easy_install command is deprecated setup.py egg_info --egg-base ../../build/hex_docking build --build-base /home/nisaanth26/dock_ws/build/hex_docking/build install --record /home/nisaanth26/dock_ws/build/hex_docking/install.log --single-version-externally-managed install_data
[8.391s] DEBUG:colcon.colcon_core.event_handler.log_command:Invoked command in '/home/nisaanth26/dock_ws/src/hex_docking' returned '0': PYTHONPATH=/home/nisaanth26/dock_ws/build/hex_docking/prefix_override:/usr/lib/python3/dist-packages/colcon_core/task/python/colcon_distutils_commands:/home/nisaanth26/dock_ws/install/hex_docking/lib/python3.10/site-packages:${PYTHONPATH} /usr/bin/python3 -W ignore:setup.py install is deprecated -W ignore:easy_install command is deprecated setup.py egg_info --egg-base ../../build/hex_docking build --build-base /home/nisaanth26/dock_ws/build/hex_docking/build install --record /home/nisaanth26/dock_ws/build/hex_docking/install.log --single-version-externally-managed install_data
[8.409s] Level 1:colcon.colcon_core.environment:checking '/home/nisaanth26/dock_ws/install/hex_docking' for CMake module files
[8.412s] Level 1:colcon.colcon_core.environment:checking '/home/nisaanth26/dock_ws/install/hex_docking' for CMake config files
[8.417s] Level 1:colcon.colcon_core.environment:checking '/home/nisaanth26/dock_ws/install/hex_docking/lib'
[8.419s] Level 1:colcon.colcon_core.environment:checking '/home/nisaanth26/dock_ws/install/hex_docking/bin'
[8.420s] Level 1:colcon.colcon_core.environment:checking '/home/nisaanth26/dock_ws/install/hex_docking/lib/pkgconfig/hex_docking.pc'
[8.421s] Level 1:colcon.colcon_core.environment:checking '/home/nisaanth26/dock_ws/install/hex_docking/lib/python3.10/site-packages'
[8.421s] Level 1:colcon.colcon_core.shell:create_environment_hook('hex_docking', 'pythonpath')
[8.423s] INFO:colcon.colcon_core.shell:Creating environment hook '/home/nisaanth26/dock_ws/install/hex_docking/share/hex_docking/hook/pythonpath.ps1'
[8.426s] INFO:colcon.colcon_core.shell:Creating environment descriptor '/home/nisaanth26/dock_ws/install/hex_docking/share/hex_docking/hook/pythonpath.dsv'
[8.429s] INFO:colcon.colcon_core.shell:Creating environment hook '/home/nisaanth26/dock_ws/install/hex_docking/share/hex_docking/hook/pythonpath.sh'
[8.434s] Level 1:colcon.colcon_core.environment:checking '/home/nisaanth26/dock_ws/install/hex_docking/bin'
[8.434s] Level 1:colcon.colcon_core.environment:create_environment_scripts_only(hex_docking)
[8.440s] INFO:colcon.colcon_core.shell:Creating package script '/home/nisaanth26/dock_ws/install/hex_docking/share/hex_docking/package.ps1'
[8.447s] INFO:colcon.colcon_core.shell:Creating package descriptor '/home/nisaanth26/dock_ws/install/hex_docking/share/hex_docking/package.dsv'
[8.452s] INFO:colcon.colcon_core.shell:Creating package script '/home/nisaanth26/dock_ws/install/hex_docking/share/hex_docking/package.sh'
[8.459s] INFO:colcon.colcon_core.shell:Creating package script '/home/nisaanth26/dock_ws/install/hex_docking/share/hex_docking/package.bash'
[8.463s] INFO:colcon.colcon_core.shell:Creating package script '/home/nisaanth26/dock_ws/install/hex_docking/share/hex_docking/package.zsh'
[8.469s] Level 1:colcon.colcon_core.environment:create_file_with_runtime_dependencies(/home/nisaanth26/dock_ws/install/hex_docking/share/colcon-core/packages/hex_docking)
[8.472s] DEBUG:colcon.colcon_parallel_executor.executor.parallel:closing loop
[8.475s] DEBUG:colcon.colcon_parallel_executor.executor.parallel:loop closed
[8.475s] DEBUG:colcon.colcon_parallel_executor.executor.parallel:run_until_complete finished with '0'
[8.475s] DEBUG:colcon.colcon_core.event_reactor:joining thread
[8.637s] INFO:colcon.colcon_core.plugin_system:Skipping extension 'colcon_notification.desktop_notification.notify_send': Could not find 'notify-send'
[8.638s] INFO:colcon.colcon_core.plugin_system:Skipping extension 'colcon_notification.desktop_notification.terminal_notifier': Not used on non-Darwin systems
[8.638s] INFO:colcon.colcon_core.plugin_system:Skipping extension 'colcon_notification.desktop_notification.win32': Not used on non-Windows systems
[8.639s] INFO:colcon.colcon_notification.desktop_notification:Sending desktop notification using 'notify2'
[8.639s] DEBUG:colcon.colcon_notification.desktop_notification.notify2:Failed to initialize notify2: org.freedesktop.DBus.Error.FileNotFound: Failed to connect to socket /run/user/1000/bus: No such file or directory
[8.640s] DEBUG:colcon.colcon_core.event_reactor:joined thread
[8.642s] INFO:colcon.colcon_core.shell:Creating prefix script '/home/nisaanth26/dock_ws/install/local_setup.ps1'
[8.647s] INFO:colcon.colcon_core.shell:Creating prefix util module '/home/nisaanth26/dock_ws/install/_local_setup_util_ps1.py'
[8.657s] INFO:colcon.colcon_core.shell:Creating prefix chain script '/home/nisaanth26/dock_ws/install/setup.ps1'
[8.667s] INFO:colcon.colcon_core.shell:Creating prefix script '/home/nisaanth26/dock_ws/install/local_setup.sh'
[8.671s] INFO:colcon.colcon_core.shell:Creating prefix util module '/home/nisaanth26/dock_ws/install/_local_setup_util_sh.py'
[8.675s] INFO:colcon.colcon_core.shell:Creating prefix chain script '/home/nisaanth26/dock_ws/install/setup.sh'
[8.683s] INFO:colcon.colcon_core.shell:Creating prefix script '/home/nisaanth26/dock_ws/install/local_setup.bash'
[8.686s] INFO:colcon.colcon_core.shell:Creating prefix chain script '/home/nisaanth26/dock_ws/install/setup.bash'
[8.695s] INFO:colcon.colcon_core.shell:Creating prefix script '/home/nisaanth26/dock_ws/install/local_setup.zsh'
[8.698s] INFO:colcon.colcon_core.shell:Creating prefix chain script '/home/nisaanth26/dock_ws/install/setup.zsh'
