[0.717s] Invoking command in '/home/nisaanth26/dock_ws/src/hex_docking': PYTHONPATH=/home/nisaanth26/dock_ws/build/hex_docking/prefix_override:/usr/lib/python3/dist-packages/colcon_core/task/python/colcon_distutils_commands:/home/nisaanth26/dock_ws/install/hex_docking/lib/python3.10/site-packages:${PYTHONPATH} /usr/bin/python3 -W ignore:setup.py install is deprecated -W ignore:easy_install command is deprecated setup.py egg_info --egg-base ../../build/hex_docking build --build-base /home/nisaanth26/dock_ws/build/hex_docking/build install --record /home/nisaanth26/dock_ws/build/hex_docking/install.log --single-version-externally-managed install_data
[0.979s] running egg_info
[0.981s] writing ../../build/hex_docking/hex_docking.egg-info/PKG-INFO
[0.981s] writing dependency_links to ../../build/hex_docking/hex_docking.egg-info/dependency_links.txt
[0.981s] writing entry points to ../../build/hex_docking/hex_docking.egg-info/entry_points.txt
[0.981s] writing requirements to ../../build/hex_docking/hex_docking.egg-info/requires.txt
[0.981s] writing top-level names to ../../build/hex_docking/hex_docking.egg-info/top_level.txt
[0.984s] reading manifest file '../../build/hex_docking/hex_docking.egg-info/SOURCES.txt'
[0.985s] writing manifest file '../../build/hex_docking/hex_docking.egg-info/SOURCES.txt'
[0.985s] running build
[0.985s] running build_py
[0.985s] running install
[0.986s] running install_lib
[0.987s] running install_data
[0.987s] running install_egg_info
[0.989s] removing '/home/nisaanth26/dock_ws/install/hex_docking/lib/python3.10/site-packages/hex_docking-0.0.1-py3.10.egg-info' (and everything under it)
[0.990s] Copying ../../build/hex_docking/hex_docking.egg-info to /home/nisaanth26/dock_ws/install/hex_docking/lib/python3.10/site-packages/hex_docking-0.0.1-py3.10.egg-info
[0.991s] running install_scripts
[1.016s] Installing docking_node script to /home/nisaanth26/dock_ws/install/hex_docking/lib/hex_docking
[1.017s] writing list of installed files to '/home/nisaanth26/dock_ws/build/hex_docking/install.log'
[1.045s] Invoked command in '/home/nisaanth26/dock_ws/src/hex_docking' returned '0': PYTHONPATH=/home/nisaanth26/dock_ws/build/hex_docking/prefix_override:/usr/lib/python3/dist-packages/colcon_core/task/python/colcon_distutils_commands:/home/nisaanth26/dock_ws/install/hex_docking/lib/python3.10/site-packages:${PYTHONPATH} /usr/bin/python3 -W ignore:setup.py install is deprecated -W ignore:easy_install command is deprecated setup.py egg_info --egg-base ../../build/hex_docking build --build-base /home/nisaanth26/dock_ws/build/hex_docking/build install --record /home/nisaanth26/dock_ws/build/hex_docking/install.log --single-version-externally-managed install_data
