[4.154s] Invoking command in '/home/nisaanth26/dock_ws/src/hex_docking': PYTHONPATH=/home/nisaanth26/dock_ws/build/hex_docking/prefix_override:/usr/lib/python3/dist-packages/colcon_core/task/python/colcon_distutils_commands:/home/nisaanth26/dock_ws/install/hex_docking/lib/python3.10/site-packages:${PYTHONPATH} /usr/bin/python3 -W ignore:setup.py install is deprecated -W ignore:easy_install command is deprecated setup.py egg_info --egg-base ../../build/hex_docking build --build-base /home/nisaanth26/dock_ws/build/hex_docking/build install --record /home/nisaanth26/dock_ws/build/hex_docking/install.log --single-version-externally-managed install_data
[6.114s] running egg_info
[6.118s] writing ../../build/hex_docking/hex_docking.egg-info/PKG-INFO
[6.119s] writing dependency_links to ../../build/hex_docking/hex_docking.egg-info/dependency_links.txt
[6.121s] writing entry points to ../../build/hex_docking/hex_docking.egg-info/entry_points.txt
[6.121s] writing requirements to ../../build/hex_docking/hex_docking.egg-info/requires.txt
[6.122s] writing top-level names to ../../build/hex_docking/hex_docking.egg-info/top_level.txt
[6.127s] reading manifest file '../../build/hex_docking/hex_docking.egg-info/SOURCES.txt'
[6.131s] writing manifest file '../../build/hex_docking/hex_docking.egg-info/SOURCES.txt'
[6.131s] running build
[6.131s] running build_py
[6.132s] copying hex_docking/docking_node.py -> /home/nisaanth26/dock_ws/build/hex_docking/build/lib/hex_docking
[6.132s] running install
[6.133s] running install_lib
[6.135s] copying /home/nisaanth26/dock_ws/build/hex_docking/build/lib/hex_docking/docking_node.py -> /home/nisaanth26/dock_ws/install/hex_docking/lib/python3.10/site-packages/hex_docking
[6.136s] byte-compiling /home/nisaanth26/dock_ws/install/hex_docking/lib/python3.10/site-packages/hex_docking/docking_node.py to docking_node.cpython-310.pyc
[6.143s] running install_data
[6.143s] copying launch/dock.launch.py -> /home/nisaanth26/dock_ws/install/hex_docking/share/hex_docking/launch
[6.144s] running install_egg_info
[6.148s] removing '/home/nisaanth26/dock_ws/install/hex_docking/lib/python3.10/site-packages/hex_docking-0.0.1-py3.10.egg-info' (and everything under it)
[6.150s] Copying ../../build/hex_docking/hex_docking.egg-info to /home/nisaanth26/dock_ws/install/hex_docking/lib/python3.10/site-packages/hex_docking-0.0.1-py3.10.egg-info
[6.155s] running install_scripts
[6.258s] Installing docking_node script to /home/nisaanth26/dock_ws/install/hex_docking/lib/hex_docking
[6.261s] writing list of installed files to '/home/nisaanth26/dock_ws/build/hex_docking/install.log'
[6.415s] Invoked command in '/home/nisaanth26/dock_ws/src/hex_docking' returned '0': PYTHONPATH=/home/nisaanth26/dock_ws/build/hex_docking/prefix_override:/usr/lib/python3/dist-packages/colcon_core/task/python/colcon_distutils_commands:/home/nisaanth26/dock_ws/install/hex_docking/lib/python3.10/site-packages:${PYTHONPATH} /usr/bin/python3 -W ignore:setup.py install is deprecated -W ignore:easy_install command is deprecated setup.py egg_info --egg-base ../../build/hex_docking build --build-base /home/nisaanth26/dock_ws/build/hex_docking/build install --record /home/nisaanth26/dock_ws/build/hex_docking/install.log --single-version-externally-managed install_data
