[1.167s] Invoking command in '/home/nisaanth26/dock_ws/src/hex_docking': PYTHONPATH=/home/nisaanth26/dock_ws/build/hex_docking/prefix_override:/usr/lib/python3/dist-packages/colcon_core/task/python/colcon_distutils_commands:/home/nisaanth26/dock_ws/install/hex_docking/lib/python3.10/site-packages:${PYTHONPATH} /usr/bin/python3 -W ignore:setup.py install is deprecated -W ignore:easy_install command is deprecated setup.py egg_info --egg-base ../../build/hex_docking build --build-base /home/nisaanth26/dock_ws/build/hex_docking/build install --record /home/nisaanth26/dock_ws/build/hex_docking/install.log --single-version-externally-managed install_data
[1.576s] running egg_info
[1.577s] writing ../../build/hex_docking/hex_docking.egg-info/PKG-INFO
[1.578s] writing dependency_links to ../../build/hex_docking/hex_docking.egg-info/dependency_links.txt
[1.579s] writing entry points to ../../build/hex_docking/hex_docking.egg-info/entry_points.txt
[1.579s] writing requirements to ../../build/hex_docking/hex_docking.egg-info/requires.txt
[1.579s] writing top-level names to ../../build/hex_docking/hex_docking.egg-info/top_level.txt
[1.582s] reading manifest file '../../build/hex_docking/hex_docking.egg-info/SOURCES.txt'
[1.583s] writing manifest file '../../build/hex_docking/hex_docking.egg-info/SOURCES.txt'
[1.583s] running build
[1.583s] running build_py
[1.584s] running install
[1.584s] running install_lib
[1.586s] copying /home/nisaanth26/dock_ws/build/hex_docking/build/lib/hex_docking/docking_node.py -> /home/nisaanth26/dock_ws/install/hex_docking/lib/python3.10/site-packages/hex_docking
[1.587s] byte-compiling /home/nisaanth26/dock_ws/install/hex_docking/lib/python3.10/site-packages/hex_docking/docking_node.py to docking_node.cpython-310.pyc
[1.591s] running install_data
[1.591s] running install_egg_info
[1.594s] removing '/home/nisaanth26/dock_ws/install/hex_docking/lib/python3.10/site-packages/hex_docking-0.0.1-py3.10.egg-info' (and everything under it)
[1.595s] Copying ../../build/hex_docking/hex_docking.egg-info to /home/nisaanth26/dock_ws/install/hex_docking/lib/python3.10/site-packages/hex_docking-0.0.1-py3.10.egg-info
[1.598s] running install_scripts
[1.630s] Installing docking_node script to /home/nisaanth26/dock_ws/install/hex_docking/lib/hex_docking
[1.630s] writing list of installed files to '/home/nisaanth26/dock_ws/build/hex_docking/install.log'
[1.671s] Invoked command in '/home/nisaanth26/dock_ws/src/hex_docking' returned '0': PYTHONPATH=/home/nisaanth26/dock_ws/build/hex_docking/prefix_override:/usr/lib/python3/dist-packages/colcon_core/task/python/colcon_distutils_commands:/home/nisaanth26/dock_ws/install/hex_docking/lib/python3.10/site-packages:${PYTHONPATH} /usr/bin/python3 -W ignore:setup.py install is deprecated -W ignore:easy_install command is deprecated setup.py egg_info --egg-base ../../build/hex_docking build --build-base /home/nisaanth26/dock_ws/build/hex_docking/build install --record /home/nisaanth26/dock_ws/build/hex_docking/install.log --single-version-externally-managed install_data
