running egg_info
creating ../../build/hex_docking/hex_docking.egg-info
writing ../../build/hex_docking/hex_docking.egg-info/PKG-INFO
writing dependency_links to ../../build/hex_docking/hex_docking.egg-info/dependency_links.txt
writing entry points to ../../build/hex_docking/hex_docking.egg-info/entry_points.txt
writing requirements to ../../build/hex_docking/hex_docking.egg-info/requires.txt
writing top-level names to ../../build/hex_docking/hex_docking.egg-info/top_level.txt
writing manifest file '../../build/hex_docking/hex_docking.egg-info/SOURCES.txt'
reading manifest file '../../build/hex_docking/hex_docking.egg-info/SOURCES.txt'
writing manifest file '../../build/hex_docking/hex_docking.egg-info/SOURCES.txt'
running build
running build_py
creating /home/nisaanth26/dock_ws/build/hex_docking/build
creating /home/nisaanth26/dock_ws/build/hex_docking/build/lib
creating /home/nisaanth26/dock_ws/build/hex_docking/build/lib/hex_docking
copying hex_docking/docking_node.py -> /home/nisaanth26/dock_ws/build/hex_docking/build/lib/hex_docking
copying hex_docking/__init__.py -> /home/nisaanth26/dock_ws/build/hex_docking/build/lib/hex_docking
running install
running install_lib
creating /home/nisaanth26/dock_ws/install/hex_docking/lib/python3.10/site-packages/hex_docking
copying /home/nisaanth26/dock_ws/build/hex_docking/build/lib/hex_docking/docking_node.py -> /home/nisaanth26/dock_ws/install/hex_docking/lib/python3.10/site-packages/hex_docking
copying /home/nisaanth26/dock_ws/build/hex_docking/build/lib/hex_docking/__init__.py -> /home/nisaanth26/dock_ws/install/hex_docking/lib/python3.10/site-packages/hex_docking
byte-compiling /home/nisaanth26/dock_ws/install/hex_docking/lib/python3.10/site-packages/hex_docking/docking_node.py to docking_node.cpython-310.pyc
byte-compiling /home/nisaanth26/dock_ws/install/hex_docking/lib/python3.10/site-packages/hex_docking/__init__.py to __init__.cpython-310.pyc
running install_data
creating /home/nisaanth26/dock_ws/install/hex_docking/share/ament_index
creating /home/nisaanth26/dock_ws/install/hex_docking/share/ament_index/resource_index
creating /home/nisaanth26/dock_ws/install/hex_docking/share/ament_index/resource_index/packages
copying resource/hex_docking -> /home/nisaanth26/dock_ws/install/hex_docking/share/ament_index/resource_index/packages
copying package.xml -> /home/nisaanth26/dock_ws/install/hex_docking/share/hex_docking
creating /home/nisaanth26/dock_ws/install/hex_docking/share/hex_docking/launch
copying launch/dock.launch.py -> /home/nisaanth26/dock_ws/install/hex_docking/share/hex_docking/launch
creating /home/nisaanth26/dock_ws/install/hex_docking/share/hex_docking/models
copying models/hex_bot.sdf -> /home/nisaanth26/dock_ws/install/hex_docking/share/hex_docking/models
creating /home/nisaanth26/dock_ws/install/hex_docking/share/hex_docking/worlds
copying worlds/dock_world.sdf -> /home/nisaanth26/dock_ws/install/hex_docking/share/hex_docking/worlds
running install_egg_info
Copying ../../build/hex_docking/hex_docking.egg-info to /home/nisaanth26/dock_ws/install/hex_docking/lib/python3.10/site-packages/hex_docking-0.0.1-py3.10.egg-info
running install_scripts
Installing docking_node script to /home/nisaanth26/dock_ws/install/hex_docking/lib/hex_docking
writing list of installed files to '/home/nisaanth26/dock_ws/build/hex_docking/install.log'
