[0.778s] Invoking command in '/home/nisaanth26/dock_ws/src/hex_docking': PYTHONPATH=/home/nisaanth26/dock_ws/build/hex_docking/prefix_override:/usr/lib/python3/dist-packages/colcon_core/task/python/colcon_distutils_commands:/home/nisaanth26/dock_ws/install/hex_docking/lib/python3.10/site-packages:${PYTHONPATH} /usr/bin/python3 -W ignore:setup.py install is deprecated -W ignore:easy_install command is deprecated setup.py egg_info --egg-base ../../build/hex_docking build --build-base /home/nisaanth26/dock_ws/build/hex_docking/build install --record /home/nisaanth26/dock_ws/build/hex_docking/install.log --single-version-externally-managed install_data
[1.049s] running egg_info
[1.050s] creating ../../build/hex_docking/hex_docking.egg-info
[1.050s] writing ../../build/hex_docking/hex_docking.egg-info/PKG-INFO
[1.051s] writing dependency_links to ../../build/hex_docking/hex_docking.egg-info/dependency_links.txt
[1.051s] writing entry points to ../../build/hex_docking/hex_docking.egg-info/entry_points.txt
[1.051s] writing requirements to ../../build/hex_docking/hex_docking.egg-info/requires.txt
[1.051s] writing top-level names to ../../build/hex_docking/hex_docking.egg-info/top_level.txt
[1.051s] writing manifest file '../../build/hex_docking/hex_docking.egg-info/SOURCES.txt'
[1.053s] reading manifest file '../../build/hex_docking/hex_docking.egg-info/SOURCES.txt'
[1.055s] writing manifest file '../../build/hex_docking/hex_docking.egg-info/SOURCES.txt'
[1.055s] running build
[1.055s] running build_py
[1.055s] creating /home/nisaanth26/dock_ws/build/hex_docking/build
[1.056s] creating /home/nisaanth26/dock_ws/build/hex_docking/build/lib
[1.056s] creating /home/nisaanth26/dock_ws/build/hex_docking/build/lib/hex_docking
[1.056s] copying hex_docking/docking_node.py -> /home/nisaanth26/dock_ws/build/hex_docking/build/lib/hex_docking
[1.056s] copying hex_docking/__init__.py -> /home/nisaanth26/dock_ws/build/hex_docking/build/lib/hex_docking
[1.056s] running install
[1.057s] running install_lib
[1.058s] creating /home/nisaanth26/dock_ws/install/hex_docking/lib/python3.10/site-packages/hex_docking
[1.058s] copying /home/nisaanth26/dock_ws/build/hex_docking/build/lib/hex_docking/docking_node.py -> /home/nisaanth26/dock_ws/install/hex_docking/lib/python3.10/site-packages/hex_docking
[1.058s] copying /home/nisaanth26/dock_ws/build/hex_docking/build/lib/hex_docking/__init__.py -> /home/nisaanth26/dock_ws/install/hex_docking/lib/python3.10/site-packages/hex_docking
[1.059s] byte-compiling /home/nisaanth26/dock_ws/install/hex_docking/lib/python3.10/site-packages/hex_docking/docking_node.py to docking_node.cpython-310.pyc
[1.061s] byte-compiling /home/nisaanth26/dock_ws/install/hex_docking/lib/python3.10/site-packages/hex_docking/__init__.py to __init__.cpython-310.pyc
[1.061s] running install_data
[1.062s] creating /home/nisaanth26/dock_ws/install/hex_docking/share/ament_index
[1.062s] creating /home/nisaanth26/dock_ws/install/hex_docking/share/ament_index/resource_index
[1.062s] creating /home/nisaanth26/dock_ws/install/hex_docking/share/ament_index/resource_index/packages
[1.062s] copying resource/hex_docking -> /home/nisaanth26/dock_ws/install/hex_docking/share/ament_index/resource_index/packages
[1.063s] copying package.xml -> /home/nisaanth26/dock_ws/install/hex_docking/share/hex_docking
[1.063s] creating /home/nisaanth26/dock_ws/install/hex_docking/share/hex_docking/launch
[1.063s] copying launch/dock.launch.py -> /home/nisaanth26/dock_ws/install/hex_docking/share/hex_docking/launch
[1.064s] creating /home/nisaanth26/dock_ws/install/hex_docking/share/hex_docking/models
[1.065s] copying models/hex_bot.sdf -> /home/nisaanth26/dock_ws/install/hex_docking/share/hex_docking/models
[1.065s] creating /home/nisaanth26/dock_ws/install/hex_docking/share/hex_docking/worlds
[1.065s] copying worlds/dock_world.sdf -> /home/nisaanth26/dock_ws/install/hex_docking/share/hex_docking/worlds
[1.066s] running install_egg_info
[1.067s] Copying ../../build/hex_docking/hex_docking.egg-info to /home/nisaanth26/dock_ws/install/hex_docking/lib/python3.10/site-packages/hex_docking-0.0.1-py3.10.egg-info
[1.069s] running install_scripts
[1.091s] Installing docking_node script to /home/nisaanth26/dock_ws/install/hex_docking/lib/hex_docking
[1.092s] writing list of installed files to '/home/nisaanth26/dock_ws/build/hex_docking/install.log'
[1.118s] Invoked command in '/home/nisaanth26/dock_ws/src/hex_docking' returned '0': PYTHONPATH=/home/nisaanth26/dock_ws/build/hex_docking/prefix_override:/usr/lib/python3/dist-packages/colcon_core/task/python/colcon_distutils_commands:/home/nisaanth26/dock_ws/install/hex_docking/lib/python3.10/site-packages:${PYTHONPATH} /usr/bin/python3 -W ignore:setup.py install is deprecated -W ignore:easy_install command is deprecated setup.py egg_info --egg-base ../../build/hex_docking build --build-base /home/nisaanth26/dock_ws/build/hex_docking/build install --record /home/nisaanth26/dock_ws/build/hex_docking/install.log --single-version-externally-managed install_data
