[3.981s] Invoking command in '/home/nisaanth26/dock_ws/src/hex_docking': PYTHONPATH=/home/nisaanth26/dock_ws/build/hex_docking/prefix_override:/usr/lib/python3/dist-packages/colcon_core/task/python/colcon_distutils_commands:/home/nisaanth26/dock_ws/install/hex_docking/lib/python3.10/site-packages:${PYTHONPATH} /usr/bin/python3 -W ignore:setup.py install is deprecated -W ignore:easy_install command is deprecated setup.py egg_info --egg-base ../../build/hex_docking build --build-base /home/nisaanth26/dock_ws/build/hex_docking/build install --record /home/nisaanth26/dock_ws/build/hex_docking/install.log --single-version-externally-managed install_data
[5.596s] running egg_info
[5.599s] writing ../../build/hex_docking/hex_docking.egg-info/PKG-INFO
[5.602s] writing dependency_links to ../../build/hex_docking/hex_docking.egg-info/dependency_links.txt
[5.604s] writing entry points to ../../build/hex_docking/hex_docking.egg-info/entry_points.txt
[5.613s] writing requirements to ../../build/hex_docking/hex_docking.egg-info/requires.txt
[5.613s] writing top-level names to ../../build/hex_docking/hex_docking.egg-info/top_level.txt
[5.636s] reading manifest file '../../build/hex_docking/hex_docking.egg-info/SOURCES.txt'
[5.644s] writing manifest file '../../build/hex_docking/hex_docking.egg-info/SOURCES.txt'
[5.646s] running build
[5.647s] running build_py
[5.650s] running install
[5.650s] running install_lib
[5.656s] running install_data
[5.661s] running install_egg_info
[5.674s] removing '/home/nisaanth26/dock_ws/install/hex_docking/lib/python3.10/site-packages/hex_docking-0.0.1-py3.10.egg-info' (and everything under it)
[5.676s] Copying ../../build/hex_docking/hex_docking.egg-info to /home/nisaanth26/dock_ws/install/hex_docking/lib/python3.10/site-packages/hex_docking-0.0.1-py3.10.egg-info
[5.690s] running install_scripts
[5.782s] Installing docking_node script to /home/nisaanth26/dock_ws/install/hex_docking/lib/hex_docking
[5.783s] writing list of installed files to '/home/nisaanth26/dock_ws/build/hex_docking/install.log'
[5.881s] Invoked command in '/home/nisaanth26/dock_ws/src/hex_docking' returned '0': PYTHONPATH=/home/nisaanth26/dock_ws/build/hex_docking/prefix_override:/usr/lib/python3/dist-packages/colcon_core/task/python/colcon_distutils_commands:/home/nisaanth26/dock_ws/install/hex_docking/lib/python3.10/site-packages:${PYTHONPATH} /usr/bin/python3 -W ignore:setup.py install is deprecated -W ignore:easy_install command is deprecated setup.py egg_info --egg-base ../../build/hex_docking build --build-base /home/nisaanth26/dock_ws/build/hex_docking/build install --record /home/nisaanth26/dock_ws/build/hex_docking/install.log --single-version-externally-managed install_data
