[0.203s] DEBUG:colcon:Command line arguments: ['/usr/bin/colcon', 'build']
[0.204s] DEBUG:colcon:Parsed command line arguments: Namespace(log_base=None, log_level=None, verb_name='build', build_base='build', install_base='install', merge_install=False, symlink_install=False, test_result_base=None, continue_on_error=False, executor='parallel', parallel_workers=4, event_handlers=None, ignore_user_meta=False, metas=['./colcon.meta'], base_paths=['.'], packages_ignore=None, packages_ignore_regex=None, paths=None, packages_up_to=None, packages_up_to_regex=None, packages_above=None, packages_above_and_dependencies=None, packages_above_depth=None, packages_select_by_dep=None, packages_skip_by_dep=None, packages_skip_up_to=None, packages_select_build_failed=False, packages_skip_build_finished=False, packages_select_test_failures=False, packages_skip_test_passed=False, packages_select=None, packages_skip=None, packages_select_regex=None, packages_skip_regex=None, packages_start=None, packages_end=None, allow_overriding=[], cmake_args=None, cmake_target=None, cmake_target_skip_unavailable=False, cmake_clean_cache=False, cmake_clean_first=False, cmake_force_configure=False, ament_cmake_args=None, catkin_cmake_args=None, catkin_skip_building_tests=False, verb_parser=<colcon_defaults.argument_parser.defaults.DefaultArgumentsDecorator object at 0x73c17bffda20>, verb_extension=<colcon_core.verb.build.BuildVerb object at 0x73c17bffd4e0>, main=<bound method BuildVerb.main of <colcon_core.verb.build.BuildVerb object at 0x73c17bffd4e0>>)
[0.425s] Level 1:colcon.colcon_core.package_discovery:discover_packages(colcon_meta) check parameters
[0.425s] Level 1:colcon.colcon_core.package_discovery:discover_packages(recursive) check parameters
[0.425s] Level 1:colcon.colcon_core.package_discovery:discover_packages(ignore) check parameters
[0.425s] Level 1:colcon.colcon_core.package_discovery:discover_packages(path) check parameters
[0.425s] Level 1:colcon.colcon_core.package_discovery:discover_packages(colcon_meta) discover
[0.425s] Level 1:colcon.colcon_core.package_discovery:discover_packages(recursive) discover
[0.425s] INFO:colcon.colcon_core.package_discovery:Crawling recursively for packages in '/home/nisaanth26/dock_ws'
[0.426s] Level 1:colcon.colcon_core.package_identification:_identify(.) by extensions ['ignore', 'ignore_ament_install']
[0.426s] Level 1:colcon.colcon_core.package_identification:_identify(.) by extension 'ignore'
[0.426s] Level 1:colcon.colcon_core.package_identification:_identify(.) by extension 'ignore_ament_install'
[0.426s] Level 1:colcon.colcon_core.package_identification:_identify(.) by extensions ['colcon_pkg']
[0.426s] Level 1:colcon.colcon_core.package_identification:_identify(.) by extension 'colcon_pkg'
[0.426s] Level 1:colcon.colcon_core.package_identification:_identify(.) by extensions ['colcon_meta']
[0.426s] Level 1:colcon.colcon_core.package_identification:_identify(.) by extension 'colcon_meta'
[0.426s] Level 1:colcon.colcon_core.package_identification:_identify(.) by extensions ['ros']
[0.426s] Level 1:colcon.colcon_core.package_identification:_identify(.) by extension 'ros'
[0.441s] Level 1:colcon.colcon_core.package_identification:_identify(.) by extensions ['cmake', 'python']
[0.441s] Level 1:colcon.colcon_core.package_identification:_identify(.) by extension 'cmake'
[0.441s] Level 1:colcon.colcon_core.package_identification:_identify(.) by extension 'python'
[0.441s] Level 1:colcon.colcon_core.package_identification:_identify(.) by extensions ['python_setup_py']
[0.441s] Level 1:colcon.colcon_core.package_identification:_identify(.) by extension 'python_setup_py'
[0.441s] Level 1:colcon.colcon_core.package_identification:_identify(build) by extensions ['ignore', 'ignore_ament_install']
[0.441s] Level 1:colcon.colcon_core.package_identification:_identify(build) by extension 'ignore'
[0.442s] Level 1:colcon.colcon_core.package_identification:_identify(build) ignored
[0.442s] Level 1:colcon.colcon_core.package_identification:_identify(install) by extensions ['ignore', 'ignore_ament_install']
[0.442s] Level 1:colcon.colcon_core.package_identification:_identify(install) by extension 'ignore'
[0.442s] Level 1:colcon.colcon_core.package_identification:_identify(install) ignored
[0.442s] Level 1:colcon.colcon_core.package_identification:_identify(log) by extensions ['ignore', 'ignore_ament_install']
[0.442s] Level 1:colcon.colcon_core.package_identification:_identify(log) by extension 'ignore'
[0.442s] Level 1:colcon.colcon_core.package_identification:_identify(log) ignored
[0.443s] Level 1:colcon.colcon_core.package_identification:_identify(src) by extensions ['ignore', 'ignore_ament_install']
[0.443s] Level 1:colcon.colcon_core.package_identification:_identify(src) by extension 'ignore'
[0.443s] Level 1:colcon.colcon_core.package_identification:_identify(src) by extension 'ignore_ament_install'
[0.443s] Level 1:colcon.colcon_core.package_identification:_identify(src) by extensions ['colcon_pkg']
[0.443s] Level 1:colcon.colcon_core.package_identification:_identify(src) by extension 'colcon_pkg'
[0.443s] Level 1:colcon.colcon_core.package_identification:_identify(src) by extensions ['colcon_meta']
[0.443s] Level 1:colcon.colcon_core.package_identification:_identify(src) by extension 'colcon_meta'
[0.443s] Level 1:colcon.colcon_core.package_identification:_identify(src) by extensions ['ros']
[0.444s] Level 1:colcon.colcon_core.package_identification:_identify(src) by extension 'ros'
[0.444s] Level 1:colcon.colcon_core.package_identification:_identify(src) by extensions ['cmake', 'python']
[0.444s] Level 1:colcon.colcon_core.package_identification:_identify(src) by extension 'cmake'
[0.444s] Level 1:colcon.colcon_core.package_identification:_identify(src) by extension 'python'
[0.444s] Level 1:colcon.colcon_core.package_identification:_identify(src) by extensions ['python_setup_py']
[0.444s] Level 1:colcon.colcon_core.package_identification:_identify(src) by extension 'python_setup_py'
[0.444s] Level 1:colcon.colcon_core.package_identification:_identify(src/hex_docking) by extensions ['ignore', 'ignore_ament_install']
[0.444s] Level 1:colcon.colcon_core.package_identification:_identify(src/hex_docking) by extension 'ignore'
[0.445s] Level 1:colcon.colcon_core.package_identification:_identify(src/hex_docking) by extension 'ignore_ament_install'
[0.445s] Level 1:colcon.colcon_core.package_identification:_identify(src/hex_docking) by extensions ['colcon_pkg']
[0.445s] Level 1:colcon.colcon_core.package_identification:_identify(src/hex_docking) by extension 'colcon_pkg'
[0.445s] Level 1:colcon.colcon_core.package_identification:_identify(src/hex_docking) by extensions ['colcon_meta']
[0.445s] Level 1:colcon.colcon_core.package_identification:_identify(src/hex_docking) by extension 'colcon_meta'
[0.445s] Level 1:colcon.colcon_core.package_identification:_identify(src/hex_docking) by extensions ['ros']
[0.445s] Level 1:colcon.colcon_core.package_identification:_identify(src/hex_docking) by extension 'ros'
[0.449s] DEBUG:colcon.colcon_core.package_identification:Package 'src/hex_docking' with type 'ros.ament_python' and name 'hex_docking'
[0.449s] Level 1:colcon.colcon_core.package_discovery:discover_packages(recursive) using defaults
[0.449s] Level 1:colcon.colcon_core.package_discovery:discover_packages(ignore) discover
[0.449s] Level 1:colcon.colcon_core.package_discovery:discover_packages(ignore) using defaults
[0.449s] Level 1:colcon.colcon_core.package_discovery:discover_packages(path) discover
[0.449s] Level 1:colcon.colcon_core.package_discovery:discover_packages(path) using defaults
[0.476s] Level 1:colcon.colcon_core.package_discovery:discover_packages(prefix_path) check parameters
[0.476s] Level 1:colcon.colcon_core.package_discovery:discover_packages(prefix_path) discover
[0.479s] DEBUG:colcon.colcon_installed_package_information.package_discovery:Found 1 installed packages in /home/nisaanth26/dock_ws/install
[0.480s] DEBUG:colcon.colcon_installed_package_information.package_discovery:Found 6 installed packages in /home/nisaanth26/ros2_ws/install
[0.482s] DEBUG:colcon.colcon_installed_package_information.package_discovery:Found 446 installed packages in /opt/ros/humble
[0.499s] Level 1:colcon.colcon_core.package_discovery:discover_packages(prefix_path) using defaults
[0.593s] Level 5:colcon.colcon_core.verb:set package 'hex_docking' build argument 'cmake_args' from command line to 'None'
[0.593s] Level 5:colcon.colcon_core.verb:set package 'hex_docking' build argument 'cmake_target' from command line to 'None'
[0.593s] Level 5:colcon.colcon_core.verb:set package 'hex_docking' build argument 'cmake_target_skip_unavailable' from command line to 'False'
[0.593s] Level 5:colcon.colcon_core.verb:set package 'hex_docking' build argument 'cmake_clean_cache' from command line to 'False'
[0.593s] Level 5:colcon.colcon_core.verb:set package 'hex_docking' build argument 'cmake_clean_first' from command line to 'False'
[0.593s] Level 5:colcon.colcon_core.verb:set package 'hex_docking' build argument 'cmake_force_configure' from command line to 'False'
[0.593s] Level 5:colcon.colcon_core.verb:set package 'hex_docking' build argument 'ament_cmake_args' from command line to 'None'
[0.593s] Level 5:colcon.colcon_core.verb:set package 'hex_docking' build argument 'catkin_cmake_args' from command line to 'None'
[0.593s] Level 5:colcon.colcon_core.verb:set package 'hex_docking' build argument 'catkin_skip_building_tests' from command line to 'False'
[0.593s] DEBUG:colcon.colcon_core.verb:Building package 'hex_docking' with the following arguments: {'ament_cmake_args': None, 'build_base': '/home/nisaanth26/dock_ws/build/hex_docking', 'catkin_cmake_args': None, 'catkin_skip_building_tests': False, 'cmake_args': None, 'cmake_clean_cache': False, 'cmake_clean_first': False, 'cmake_force_configure': False, 'cmake_target': None, 'cmake_target_skip_unavailable': False, 'install_base': '/home/nisaanth26/dock_ws/install/hex_docking', 'merge_install': False, 'path': '/home/nisaanth26/dock_ws/src/hex_docking', 'symlink_install': False, 'test_result_base': None}
[0.594s] INFO:colcon.colcon_core.executor:Executing jobs using 'parallel' executor
[0.595s] DEBUG:colcon.colcon_parallel_executor.executor.parallel:run_until_complete
[0.596s] INFO:colcon.colcon_ros.task.ament_python.build:Building ROS package in '/home/nisaanth26/dock_ws/src/hex_docking' with build type 'ament_python'
[0.596s] Level 1:colcon.colcon_core.shell:create_environment_hook('hex_docking', 'ament_prefix_path')
[0.600s] INFO:colcon.colcon_core.plugin_system:Skipping extension 'colcon_core.shell.bat': Not used on non-Windows systems
[0.601s] INFO:colcon.colcon_core.shell:Creating environment hook '/home/nisaanth26/dock_ws/install/hex_docking/share/hex_docking/hook/ament_prefix_path.ps1'
[0.602s] INFO:colcon.colcon_core.shell:Creating environment descriptor '/home/nisaanth26/dock_ws/install/hex_docking/share/hex_docking/hook/ament_prefix_path.dsv'
[0.603s] INFO:colcon.colcon_core.shell:Creating environment hook '/home/nisaanth26/dock_ws/install/hex_docking/share/hex_docking/hook/ament_prefix_path.sh'
[0.604s] INFO:colcon.colcon_core.shell:Skip shell extension 'powershell' for command environment: Not usable outside of PowerShell
[0.604s] DEBUG:colcon.colcon_core.shell:Skip shell extension 'dsv' for command environment
[1.254s] INFO:colcon.colcon_core.task.python.build:Building Python package in '/home/nisaanth26/dock_ws/src/hex_docking'
[1.254s] INFO:colcon.colcon_core.shell:Skip shell extension 'powershell' for command environment: Not usable outside of PowerShell
[1.254s] DEBUG:colcon.colcon_core.shell:Skip shell extension 'dsv' for command environment
[1.958s] DEBUG:colcon.colcon_core.event_handler.log_command:Invoking command in '/home/nisaanth26/dock_ws/src/hex_docking': PYTHONPATH=/home/nisaanth26/dock_ws/build/hex_docking/prefix_override:/usr/lib/python3/dist-packages/colcon_core/task/python/colcon_distutils_commands:/home/nisaanth26/dock_ws/install/hex_docking/lib/python3.10/site-packages:${PYTHONPATH} /usr/bin/python3 -W ignore:setup.py install is deprecated -W ignore:easy_install command is deprecated setup.py egg_info --egg-base ../../build/hex_docking build --build-base /home/nisaanth26/dock_ws/build/hex_docking/build install --record /home/nisaanth26/dock_ws/build/hex_docking/install.log --single-version-externally-managed install_data
[2.590s] DEBUG:colcon.colcon_core.event_handler.log_command:Invoked command in '/home/nisaanth26/dock_ws/src/hex_docking' returned '0': PYTHONPATH=/home/nisaanth26/dock_ws/build/hex_docking/prefix_override:/usr/lib/python3/dist-packages/colcon_core/task/python/colcon_distutils_commands:/home/nisaanth26/dock_ws/install/hex_docking/lib/python3.10/site-packages:${PYTHONPATH} /usr/bin/python3 -W ignore:setup.py install is deprecated -W ignore:easy_install command is deprecated setup.py egg_info --egg-base ../../build/hex_docking build --build-base /home/nisaanth26/dock_ws/build/hex_docking/build install --record /home/nisaanth26/dock_ws/build/hex_docking/install.log --single-version-externally-managed install_data
[2.595s] Level 1:colcon.colcon_core.environment:checking '/home/nisaanth26/dock_ws/install/hex_docking' for CMake module files
[2.596s] Level 1:colcon.colcon_core.environment:checking '/home/nisaanth26/dock_ws/install/hex_docking' for CMake config files
[2.597s] Level 1:colcon.colcon_core.environment:checking '/home/nisaanth26/dock_ws/install/hex_docking/lib'
[2.597s] Level 1:colcon.colcon_core.environment:checking '/home/nisaanth26/dock_ws/install/hex_docking/bin'
[2.598s] Level 1:colcon.colcon_core.environment:checking '/home/nisaanth26/dock_ws/install/hex_docking/lib/pkgconfig/hex_docking.pc'
[2.598s] Level 1:colcon.colcon_core.environment:checking '/home/nisaanth26/dock_ws/install/hex_docking/lib/python3.10/site-packages'
[2.598s] Level 1:colcon.colcon_core.shell:create_environment_hook('hex_docking', 'pythonpath')
[2.598s] INFO:colcon.colcon_core.shell:Creating environment hook '/home/nisaanth26/dock_ws/install/hex_docking/share/hex_docking/hook/pythonpath.ps1'
[2.600s] INFO:colcon.colcon_core.shell:Creating environment descriptor '/home/nisaanth26/dock_ws/install/hex_docking/share/hex_docking/hook/pythonpath.dsv'
[2.600s] INFO:colcon.colcon_core.shell:Creating environment hook '/home/nisaanth26/dock_ws/install/hex_docking/share/hex_docking/hook/pythonpath.sh'
[2.601s] Level 1:colcon.colcon_core.environment:checking '/home/nisaanth26/dock_ws/install/hex_docking/bin'
[2.602s] Level 1:colcon.colcon_core.environment:create_environment_scripts_only(hex_docking)
[2.602s] INFO:colcon.colcon_core.shell:Creating package script '/home/nisaanth26/dock_ws/install/hex_docking/share/hex_docking/package.ps1'
[2.604s] INFO:colcon.colcon_core.shell:Creating package descriptor '/home/nisaanth26/dock_ws/install/hex_docking/share/hex_docking/package.dsv'
[2.605s] INFO:colcon.colcon_core.shell:Creating package script '/home/nisaanth26/dock_ws/install/hex_docking/share/hex_docking/package.sh'
[2.606s] INFO:colcon.colcon_core.shell:Creating package script '/home/nisaanth26/dock_ws/install/hex_docking/share/hex_docking/package.bash'
[2.608s] INFO:colcon.colcon_core.shell:Creating package script '/home/nisaanth26/dock_ws/install/hex_docking/share/hex_docking/package.zsh'
[2.610s] Level 1:colcon.colcon_core.environment:create_file_with_runtime_dependencies(/home/nisaanth26/dock_ws/install/hex_docking/share/colcon-core/packages/hex_docking)
[2.610s] DEBUG:colcon.colcon_parallel_executor.executor.parallel:closing loop
[2.611s] DEBUG:colcon.colcon_parallel_executor.executor.parallel:loop closed
[2.612s] DEBUG:colcon.colcon_parallel_executor.executor.parallel:run_until_complete finished with '0'
[2.612s] DEBUG:colcon.colcon_core.event_reactor:joining thread
[2.655s] INFO:colcon.colcon_core.plugin_system:Skipping extension 'colcon_notification.desktop_notification.notify_send': Could not find 'notify-send'
[2.656s] INFO:colcon.colcon_core.plugin_system:Skipping extension 'colcon_notification.desktop_notification.terminal_notifier': Not used on non-Darwin systems
[2.656s] INFO:colcon.colcon_core.plugin_system:Skipping extension 'colcon_notification.desktop_notification.win32': Not used on non-Windows systems
[2.656s] INFO:colcon.colcon_notification.desktop_notification:Sending desktop notification using 'notify2'
[2.656s] DEBUG:colcon.colcon_notification.desktop_notification.notify2:Failed to initialize notify2: org.freedesktop.DBus.Error.FileNotFound: Failed to connect to socket /run/user/1000/bus: No such file or directory
[2.657s] DEBUG:colcon.colcon_core.event_reactor:joined thread
[2.657s] INFO:colcon.colcon_core.shell:Creating prefix script '/home/nisaanth26/dock_ws/install/local_setup.ps1'
[2.659s] INFO:colcon.colcon_core.shell:Creating prefix util module '/home/nisaanth26/dock_ws/install/_local_setup_util_ps1.py'
[2.662s] INFO:colcon.colcon_core.shell:Creating prefix chain script '/home/nisaanth26/dock_ws/install/setup.ps1'
[2.664s] INFO:colcon.colcon_core.shell:Creating prefix script '/home/nisaanth26/dock_ws/install/local_setup.sh'
[2.666s] INFO:colcon.colcon_core.shell:Creating prefix util module '/home/nisaanth26/dock_ws/install/_local_setup_util_sh.py'
[2.667s] INFO:colcon.colcon_core.shell:Creating prefix chain script '/home/nisaanth26/dock_ws/install/setup.sh'
[2.669s] INFO:colcon.colcon_core.shell:Creating prefix script '/home/nisaanth26/dock_ws/install/local_setup.bash'
[2.671s] INFO:colcon.colcon_core.shell:Creating prefix chain script '/home/nisaanth26/dock_ws/install/setup.bash'
[2.673s] INFO:colcon.colcon_core.shell:Creating prefix script '/home/nisaanth26/dock_ws/install/local_setup.zsh'
[2.675s] INFO:colcon.colcon_core.shell:Creating prefix chain script '/home/nisaanth26/dock_ws/install/setup.zsh'
