[3.881s] Invoking command in '/home/nisaanth26/dock_ws/src/hex_docking': PYTHONPATH=/home/nisaanth26/dock_ws/build/hex_docking/prefix_override:/usr/lib/python3/dist-packages/colcon_core/task/python/colcon_distutils_commands:/home/nisaanth26/dock_ws/install/hex_docking/lib/python3.10/site-packages:${PYTHONPATH} /usr/bin/python3 -W ignore:setup.py install is deprecated -W ignore:easy_install command is deprecated setup.py egg_info --egg-base ../../build/hex_docking build --build-base /home/nisaanth26/dock_ws/build/hex_docking/build install --record /home/nisaanth26/dock_ws/build/hex_docking/install.log --single-version-externally-managed install_data
[5.643s] running egg_info
[5.646s] writing ../../build/hex_docking/hex_docking.egg-info/PKG-INFO
[5.648s] writing dependency_links to ../../build/hex_docking/hex_docking.egg-info/dependency_links.txt
[5.648s] writing entry points to ../../build/hex_docking/hex_docking.egg-info/entry_points.txt
[5.649s] writing requirements to ../../build/hex_docking/hex_docking.egg-info/requires.txt
[5.651s] writing top-level names to ../../build/hex_docking/hex_docking.egg-info/top_level.txt
[5.662s] reading manifest file '../../build/hex_docking/hex_docking.egg-info/SOURCES.txt'
[5.666s] writing manifest file '../../build/hex_docking/hex_docking.egg-info/SOURCES.txt'
[5.667s] running build
[5.667s] running build_py
[5.669s] copying hex_docking/docking_node.py -> /home/nisaanth26/dock_ws/build/hex_docking/build/lib/hex_docking
[5.669s] running install
[5.671s] running install_lib
[5.674s] copying /home/nisaanth26/dock_ws/build/hex_docking/build/lib/hex_docking/docking_node.py -> /home/nisaanth26/dock_ws/install/hex_docking/lib/python3.10/site-packages/hex_docking
[5.677s] byte-compiling /home/nisaanth26/dock_ws/install/hex_docking/lib/python3.10/site-packages/hex_docking/docking_node.py to docking_node.cpython-310.pyc
[5.682s] running install_data
[5.684s] running install_egg_info
[5.693s] removing '/home/nisaanth26/dock_ws/install/hex_docking/lib/python3.10/site-packages/hex_docking-0.0.1-py3.10.egg-info' (and everything under it)
[5.695s] Copying ../../build/hex_docking/hex_docking.egg-info to /home/nisaanth26/dock_ws/install/hex_docking/lib/python3.10/site-packages/hex_docking-0.0.1-py3.10.egg-info
[5.701s] running install_scripts
[5.817s] Installing docking_node script to /home/nisaanth26/dock_ws/install/hex_docking/lib/hex_docking
[5.821s] writing list of installed files to '/home/nisaanth26/dock_ws/build/hex_docking/install.log'
[5.966s] Invoked command in '/home/nisaanth26/dock_ws/src/hex_docking' returned '0': PYTHONPATH=/home/nisaanth26/dock_ws/build/hex_docking/prefix_override:/usr/lib/python3/dist-packages/colcon_core/task/python/colcon_distutils_commands:/home/nisaanth26/dock_ws/install/hex_docking/lib/python3.10/site-packages:${PYTHONPATH} /usr/bin/python3 -W ignore:setup.py install is deprecated -W ignore:easy_install command is deprecated setup.py egg_info --egg-base ../../build/hex_docking build --build-base /home/nisaanth26/dock_ws/build/hex_docking/build install --record /home/nisaanth26/dock_ws/build/hex_docking/install.log --single-version-externally-managed install_data
