[0.797s] Invoking command in '/home/nisaanth26/dock_ws/src/hex_docking': PYTHONPATH=/home/nisaanth26/dock_ws/build/hex_docking/prefix_override:/usr/lib/python3/dist-packages/colcon_core/task/python/colcon_distutils_commands:/home/nisaanth26/dock_ws/install/hex_docking/lib/python3.10/site-packages:${PYTHONPATH} /usr/bin/python3 -W ignore:setup.py install is deprecated -W ignore:easy_install command is deprecated setup.py egg_info --egg-base ../../build/hex_docking build --build-base /home/nisaanth26/dock_ws/build/hex_docking/build install --record /home/nisaanth26/dock_ws/build/hex_docking/install.log --single-version-externally-managed install_data
[1.067s] running egg_info
[1.067s] creating ../../build/hex_docking/hex_docking.egg-info
[1.068s] writing ../../build/hex_docking/hex_docking.egg-info/PKG-INFO
[1.069s] writing dependency_links to ../../build/hex_docking/hex_docking.egg-info/dependency_links.txt
[1.069s] writing entry points to ../../build/hex_docking/hex_docking.egg-info/entry_points.txt
[1.069s] writing requirements to ../../build/hex_docking/hex_docking.egg-info/requires.txt
[1.069s] writing top-level names to ../../build/hex_docking/hex_docking.egg-info/top_level.txt
[1.069s] writing manifest file '../../build/hex_docking/hex_docking.egg-info/SOURCES.txt'
[1.072s] reading manifest file '../../build/hex_docking/hex_docking.egg-info/SOURCES.txt'
[1.073s] writing manifest file '../../build/hex_docking/hex_docking.egg-info/SOURCES.txt'
[1.074s] running build
[1.074s] running build_py
[1.074s] creating /home/nisaanth26/dock_ws/build/hex_docking/build
[1.074s] creating /home/nisaanth26/dock_ws/build/hex_docking/build/lib
[1.075s] creating /home/nisaanth26/dock_ws/build/hex_docking/build/lib/hex_docking
[1.075s] copying hex_docking/docking_node.py -> /home/nisaanth26/dock_ws/build/hex_docking/build/lib/hex_docking
[1.075s] copying hex_docking/__init__.py -> /home/nisaanth26/dock_ws/build/hex_docking/build/lib/hex_docking
[1.075s] running install
[1.076s] running install_lib
[1.077s] creating /home/nisaanth26/dock_ws/install/hex_docking/lib/python3.10/site-packages/hex_docking
[1.077s] copying /home/nisaanth26/dock_ws/build/hex_docking/build/lib/hex_docking/docking_node.py -> /home/nisaanth26/dock_ws/install/hex_docking/lib/python3.10/site-packages/hex_docking
[1.077s] copying /home/nisaanth26/dock_ws/build/hex_docking/build/lib/hex_docking/__init__.py -> /home/nisaanth26/dock_ws/install/hex_docking/lib/python3.10/site-packages/hex_docking
[1.078s] byte-compiling /home/nisaanth26/dock_ws/install/hex_docking/lib/python3.10/site-packages/hex_docking/docking_node.py to docking_node.cpython-310.pyc
[1.081s] byte-compiling /home/nisaanth26/dock_ws/install/hex_docking/lib/python3.10/site-packages/hex_docking/__init__.py to __init__.cpython-310.pyc
[1.082s] running install_data
[1.082s] creating /home/nisaanth26/dock_ws/install/hex_docking/share/ament_index
[1.082s] creating /home/nisaanth26/dock_ws/install/hex_docking/share/ament_index/resource_index
[1.082s] creating /home/nisaanth26/dock_ws/install/hex_docking/share/ament_index/resource_index/packages
[1.082s] copying resource/hex_docking -> /home/nisaanth26/dock_ws/install/hex_docking/share/ament_index/resource_index/packages
[1.083s] copying package.xml -> /home/nisaanth26/dock_ws/install/hex_docking/share/hex_docking
[1.083s] creating /home/nisaanth26/dock_ws/install/hex_docking/share/hex_docking/launch
[1.083s] copying launch/dock.launch.py -> /home/nisaanth26/dock_ws/install/hex_docking/share/hex_docking/launch
[1.083s] creating /home/nisaanth26/dock_ws/install/hex_docking/share/hex_docking/models
[1.083s] copying models/hex_bot.sdf -> /home/nisaanth26/dock_ws/install/hex_docking/share/hex_docking/models
[1.084s] creating /home/nisaanth26/dock_ws/install/hex_docking/share/hex_docking/worlds
[1.084s] copying worlds/dock_world.sdf -> /home/nisaanth26/dock_ws/install/hex_docking/share/hex_docking/worlds
[1.084s] running install_egg_info
[1.086s] Copying ../../build/hex_docking/hex_docking.egg-info to /home/nisaanth26/dock_ws/install/hex_docking/lib/python3.10/site-packages/hex_docking-0.0.1-py3.10.egg-info
[1.088s] running install_scripts
[1.109s] Installing docking_node script to /home/nisaanth26/dock_ws/install/hex_docking/lib/hex_docking
[1.109s] writing list of installed files to '/home/nisaanth26/dock_ws/build/hex_docking/install.log'
[1.139s] Invoked command in '/home/nisaanth26/dock_ws/src/hex_docking' returned '0': PYTHONPATH=/home/nisaanth26/dock_ws/build/hex_docking/prefix_override:/usr/lib/python3/dist-packages/colcon_core/task/python/colcon_distutils_commands:/home/nisaanth26/dock_ws/install/hex_docking/lib/python3.10/site-packages:${PYTHONPATH} /usr/bin/python3 -W ignore:setup.py install is deprecated -W ignore:easy_install command is deprecated setup.py egg_info --egg-base ../../build/hex_docking build --build-base /home/nisaanth26/dock_ws/build/hex_docking/build install --record /home/nisaanth26/dock_ws/build/hex_docking/install.log --single-version-externally-managed install_data
