[5.368s] Invoking command in '/home/nisaanth26/dock_ws/src/hex_docking': PYTHONPATH=/home/nisaanth26/dock_ws/build/hex_docking/prefix_override:/usr/lib/python3/dist-packages/colcon_core/task/python/colcon_distutils_commands:/home/nisaanth26/dock_ws/install/hex_docking/lib/python3.10/site-packages:${PYTHONPATH} /usr/bin/python3 -W ignore:setup.py install is deprecated -W ignore:easy_install command is deprecated setup.py egg_info --egg-base ../../build/hex_docking build --build-base /home/nisaanth26/dock_ws/build/hex_docking/build install --record /home/nisaanth26/dock_ws/build/hex_docking/install.log --single-version-externally-managed install_data
[6.957s] running egg_info
[6.958s] creating ../../build/hex_docking/hex_docking.egg-info
[6.963s] writing ../../build/hex_docking/hex_docking.egg-info/PKG-INFO
[6.969s] writing dependency_links to ../../build/hex_docking/hex_docking.egg-info/dependency_links.txt
[6.971s] writing entry points to ../../build/hex_docking/hex_docking.egg-info/entry_points.txt
[6.971s] writing requirements to ../../build/hex_docking/hex_docking.egg-info/requires.txt
[6.971s] writing top-level names to ../../build/hex_docking/hex_docking.egg-info/top_level.txt
[6.971s] writing manifest file '../../build/hex_docking/hex_docking.egg-info/SOURCES.txt'
[6.972s] reading manifest file '../../build/hex_docking/hex_docking.egg-info/SOURCES.txt'
[6.972s] writing manifest file '../../build/hex_docking/hex_docking.egg-info/SOURCES.txt'
[6.972s] running build
[6.972s] running build_py
[6.972s] creating /home/nisaanth26/dock_ws/build/hex_docking/build
[6.974s] creating /home/nisaanth26/dock_ws/build/hex_docking/build/lib
[6.974s] creating /home/nisaanth26/dock_ws/build/hex_docking/build/lib/hex_docking
[6.974s] copying hex_docking/docking_node.py -> /home/nisaanth26/dock_ws/build/hex_docking/build/lib/hex_docking
[6.974s] copying hex_docking/__init__.py -> /home/nisaanth26/dock_ws/build/hex_docking/build/lib/hex_docking
[6.975s] running install
[6.975s] running install_lib
[6.977s] creating /home/nisaanth26/dock_ws/install/hex_docking/lib/python3.10/site-packages/hex_docking
[6.977s] copying /home/nisaanth26/dock_ws/build/hex_docking/build/lib/hex_docking/docking_node.py -> /home/nisaanth26/dock_ws/install/hex_docking/lib/python3.10/site-packages/hex_docking
[6.983s] copying /home/nisaanth26/dock_ws/build/hex_docking/build/lib/hex_docking/__init__.py -> /home/nisaanth26/dock_ws/install/hex_docking/lib/python3.10/site-packages/hex_docking
[6.983s] byte-compiling /home/nisaanth26/dock_ws/install/hex_docking/lib/python3.10/site-packages/hex_docking/docking_node.py to docking_node.cpython-310.pyc
[6.983s] byte-compiling /home/nisaanth26/dock_ws/install/hex_docking/lib/python3.10/site-packages/hex_docking/__init__.py to __init__.cpython-310.pyc
[6.983s] running install_data
[6.983s] creating /home/nisaanth26/dock_ws/install/hex_docking/share/ament_index
[6.984s] creating /home/nisaanth26/dock_ws/install/hex_docking/share/ament_index/resource_index
[6.985s] creating /home/nisaanth26/dock_ws/install/hex_docking/share/ament_index/resource_index/packages
[6.986s] copying resource/hex_docking -> /home/nisaanth26/dock_ws/install/hex_docking/share/ament_index/resource_index/packages
[6.986s] copying package.xml -> /home/nisaanth26/dock_ws/install/hex_docking/share/hex_docking
[6.987s] creating /home/nisaanth26/dock_ws/install/hex_docking/share/hex_docking/launch
[6.987s] copying launch/dock.launch.py -> /home/nisaanth26/dock_ws/install/hex_docking/share/hex_docking/launch
[6.988s] creating /home/nisaanth26/dock_ws/install/hex_docking/share/hex_docking/models
[6.989s] copying models/hex_bot.sdf -> /home/nisaanth26/dock_ws/install/hex_docking/share/hex_docking/models
[6.989s] creating /home/nisaanth26/dock_ws/install/hex_docking/share/hex_docking/worlds
[6.990s] copying worlds/dock_world.sdf -> /home/nisaanth26/dock_ws/install/hex_docking/share/hex_docking/worlds
[6.994s] running install_egg_info
[6.995s] Copying ../../build/hex_docking/hex_docking.egg-info to /home/nisaanth26/dock_ws/install/hex_docking/lib/python3.10/site-packages/hex_docking-0.0.1-py3.10.egg-info
[6.998s] running install_scripts
[7.050s] Installing docking_node script to /home/nisaanth26/dock_ws/install/hex_docking/lib/hex_docking
[7.052s] writing list of installed files to '/home/nisaanth26/dock_ws/build/hex_docking/install.log'
[7.118s] Invoked command in '/home/nisaanth26/dock_ws/src/hex_docking' returned '0': PYTHONPATH=/home/nisaanth26/dock_ws/build/hex_docking/prefix_override:/usr/lib/python3/dist-packages/colcon_core/task/python/colcon_distutils_commands:/home/nisaanth26/dock_ws/install/hex_docking/lib/python3.10/site-packages:${PYTHONPATH} /usr/bin/python3 -W ignore:setup.py install is deprecated -W ignore:easy_install command is deprecated setup.py egg_info --egg-base ../../build/hex_docking build --build-base /home/nisaanth26/dock_ws/build/hex_docking/build install --record /home/nisaanth26/dock_ws/build/hex_docking/install.log --single-version-externally-managed install_data
