[0.798s] Invoking command in '/home/nisaanth26/dock_ws/src/hex_docking': PYTHONPATH=/home/nisaanth26/dock_ws/build/hex_docking/prefix_override:/usr/lib/python3/dist-packages/colcon_core/task/python/colcon_distutils_commands:/home/nisaanth26/dock_ws/install/hex_docking/lib/python3.10/site-packages:${PYTHONPATH} /usr/bin/python3 -W ignore:setup.py install is deprecated -W ignore:easy_install command is deprecated setup.py egg_info --egg-base ../../build/hex_docking build --build-base /home/nisaanth26/dock_ws/build/hex_docking/build install --record /home/nisaanth26/dock_ws/build/hex_docking/install.log --single-version-externally-managed install_data
[1.121s] running egg_info
[1.121s] creating ../../build/hex_docking/hex_docking.egg-info
[1.122s] writing ../../build/hex_docking/hex_docking.egg-info/PKG-INFO
[1.122s] writing dependency_links to ../../build/hex_docking/hex_docking.egg-info/dependency_links.txt
[1.123s] writing entry points to ../../build/hex_docking/hex_docking.egg-info/entry_points.txt
[1.123s] writing requirements to ../../build/hex_docking/hex_docking.egg-info/requires.txt
[1.123s] writing top-level names to ../../build/hex_docking/hex_docking.egg-info/top_level.txt
[1.123s] writing manifest file '../../build/hex_docking/hex_docking.egg-info/SOURCES.txt'
[1.126s] reading manifest file '../../build/hex_docking/hex_docking.egg-info/SOURCES.txt'
[1.127s] writing manifest file '../../build/hex_docking/hex_docking.egg-info/SOURCES.txt'
[1.128s] running build
[1.128s] running build_py
[1.128s] creating /home/nisaanth26/dock_ws/build/hex_docking/build
[1.128s] creating /home/nisaanth26/dock_ws/build/hex_docking/build/lib
[1.129s] creating /home/nisaanth26/dock_ws/build/hex_docking/build/lib/hex_docking
[1.129s] copying hex_docking/docking_node.py -> /home/nisaanth26/dock_ws/build/hex_docking/build/lib/hex_docking
[1.129s] copying hex_docking/__init__.py -> /home/nisaanth26/dock_ws/build/hex_docking/build/lib/hex_docking
[1.130s] running install
[1.130s] running install_lib
[1.131s] creating /home/nisaanth26/dock_ws/install/hex_docking/lib/python3.10/site-packages/hex_docking
[1.131s] copying /home/nisaanth26/dock_ws/build/hex_docking/build/lib/hex_docking/docking_node.py -> /home/nisaanth26/dock_ws/install/hex_docking/lib/python3.10/site-packages/hex_docking
[1.132s] copying /home/nisaanth26/dock_ws/build/hex_docking/build/lib/hex_docking/__init__.py -> /home/nisaanth26/dock_ws/install/hex_docking/lib/python3.10/site-packages/hex_docking
[1.132s] byte-compiling /home/nisaanth26/dock_ws/install/hex_docking/lib/python3.10/site-packages/hex_docking/docking_node.py to docking_node.cpython-310.pyc
[1.137s] byte-compiling /home/nisaanth26/dock_ws/install/hex_docking/lib/python3.10/site-packages/hex_docking/__init__.py to __init__.cpython-310.pyc
[1.137s] running install_data
[1.137s] creating /home/nisaanth26/dock_ws/install/hex_docking/share/ament_index
[1.138s] creating /home/nisaanth26/dock_ws/install/hex_docking/share/ament_index/resource_index
[1.138s] creating /home/nisaanth26/dock_ws/install/hex_docking/share/ament_index/resource_index/packages
[1.139s] copying resource/hex_docking -> /home/nisaanth26/dock_ws/install/hex_docking/share/ament_index/resource_index/packages
[1.139s] copying package.xml -> /home/nisaanth26/dock_ws/install/hex_docking/share/hex_docking
[1.140s] creating /home/nisaanth26/dock_ws/install/hex_docking/share/hex_docking/launch
[1.140s] copying launch/dock.launch.py -> /home/nisaanth26/dock_ws/install/hex_docking/share/hex_docking/launch
[1.140s] creating /home/nisaanth26/dock_ws/install/hex_docking/share/hex_docking/models
[1.141s] copying models/hex_bot.sdf -> /home/nisaanth26/dock_ws/install/hex_docking/share/hex_docking/models
[1.141s] creating /home/nisaanth26/dock_ws/install/hex_docking/share/hex_docking/worlds
[1.141s] copying worlds/dock_world.sdf -> /home/nisaanth26/dock_ws/install/hex_docking/share/hex_docking/worlds
[1.142s] running install_egg_info
[1.144s] Copying ../../build/hex_docking/hex_docking.egg-info to /home/nisaanth26/dock_ws/install/hex_docking/lib/python3.10/site-packages/hex_docking-0.0.1-py3.10.egg-info
[1.145s] running install_scripts
[1.174s] Installing docking_node script to /home/nisaanth26/dock_ws/install/hex_docking/lib/hex_docking
[1.175s] writing list of installed files to '/home/nisaanth26/dock_ws/build/hex_docking/install.log'
[1.203s] Invoked command in '/home/nisaanth26/dock_ws/src/hex_docking' returned '0': PYTHONPATH=/home/nisaanth26/dock_ws/build/hex_docking/prefix_override:/usr/lib/python3/dist-packages/colcon_core/task/python/colcon_distutils_commands:/home/nisaanth26/dock_ws/install/hex_docking/lib/python3.10/site-packages:${PYTHONPATH} /usr/bin/python3 -W ignore:setup.py install is deprecated -W ignore:easy_install command is deprecated setup.py egg_info --egg-base ../../build/hex_docking build --build-base /home/nisaanth26/dock_ws/build/hex_docking/build install --record /home/nisaanth26/dock_ws/build/hex_docking/install.log --single-version-externally-managed install_data
